#
# There is insufficient memory for the Java Runtime Environment to continue.
# Native memory allocation (mmap) failed to map 100663296 bytes for G1 virtual space
# Possible reasons:
#   The system is out of physical RAM or swap space
#   The process is running with CompressedOops enabled, and the Java Heap may be blocking the growth of the native heap
# Possible solutions:
#   Reduce memory load on the system
#   Increase physical memory or swap space
#   Check if swap backing store is full
#   Decrease Java heap size (-Xmx/-Xms)
#   Decrease number of Java threads
#   Decrease Java thread stack sizes (-Xss)
#   Set larger code cache with -XX:ReservedCodeCacheSize=
#   JVM is running with Unscaled Compressed Oops mode in which the Java heap is
#     placed in the first 4GB address space. The Java Heap base address is the
#     maximum limit for the native heap growth. Please use -XX:HeapBaseMinAddress
#     to set the Java Heap base and to place the Java Heap above 4GB virtual address.
# This output file may be truncated or incomplete.
#
#  Out of Memory Error (os_windows.cpp:3613), pid=12528, tid=12884
#
# JRE version:  (17.0.10+7) (build )
# Java VM: OpenJDK 64-Bit Server VM (17.0.10+7, mixed mode, sharing, tiered, compressed oops, compressed class ptrs, g1 gc, windows-amd64)
# No core dump will be written. Minidumps are not enabled by default on client versions of Windows
#

---------------  S U M M A R Y ------------

Command Line: -Dfile.encoding=UTF-8 -Dstdout.encoding=UTF-8 -Dstderr.encoding=UTF-8 -XX:+ShowCodeDetailsInExceptionMessages bank.management.system.Singup

Host: AMD Ryzen 3 3300U with Radeon Vega Mobile Gfx  , 4 cores, 5G,  Windows 11 , 64 bit Build 22621 (10.0.22621.4830)
Time: Mon Mar 10 21:55:46 2025 India Standard Time elapsed time: 0.068618 seconds (0d 0h 0m 0s)

---------------  T H R E A D  ---------------

Current thread (0x000001e354ebafb0):  JavaThread "Unknown thread" [_thread_in_vm, id=12884, stack(0x000000556b800000,0x000000556b900000)]

Stack: [0x000000556b800000,0x000000556b900000]
Native frames: (J=compiled Java code, j=interpreted, Vv=VM code, C=native code)
V  [jvm.dll+0x67d2c9]
V  [jvm.dll+0x834afa]
V  [jvm.dll+0x8365be]
V  [jvm.dll+0x836c23]
V  [jvm.dll+0x2477ff]
V  [jvm.dll+0x67a109]
V  [jvm.dll+0x66eb7a]
V  [jvm.dll+0x30764b]
V  [jvm.dll+0x30eaf6]
V  [jvm.dll+0x35e83e]
V  [jvm.dll+0x35ea6f]
V  [jvm.dll+0x2de248]
V  [jvm.dll+0x2df1b4]
V  [jvm.dll+0x806361]
V  [jvm.dll+0x36c6f1]
V  [jvm.dll+0x7e4e06]
V  [jvm.dll+0x3eff3f]
V  [jvm.dll+0x3f1b71]
C  [jli.dll+0x528f]
C  [ucrtbase.dll+0x29333]
C  [KERNEL32.DLL+0x1259d]
C  [ntdll.dll+0x5af38]


---------------  P R O C E S S  ---------------

Threads class SMR info:
_java_thread_list=0x00007ffe3250ee98, length=0, elements={
}

Java Threads: ( => current thread )

Other Threads:
  0x000001e354f07f90 GCTaskThread "GC Thread#0" [stack: 0x000000556b900000,0x000000556ba00000] [id=3704]
  0x000001e354f14bc0 ConcurrentGCThread "G1 Main Marker" [stack: 0x000000556ba00000,0x000000556bb00000] [id=19608]
  0x000001e354f15c20 ConcurrentGCThread "G1 Conc#0" [stack: 0x000000556bb00000,0x000000556bc00000] [id=12384]

[error occurred during error reporting (printing all threads), id 0xc0000005, EXCEPTION_ACCESS_VIOLATION (0xc0000005) at pc=0x00007ffe31ccec87]

VM state: not at safepoint (not fully initialized)

VM Mutex/Monitor currently owned by a thread:  ([mutex/lock_event])
[0x000001e354eb5da0] Heap_lock - owner thread: 0x000001e354ebafb0

Heap address: 0x00000000a0e00000, size: 1522 MB, Compressed Oops mode: 32-bit

CDS archive(s) mapped at: [0x0000000000000000-0x0000000000000000-0x0000000000000000), size 0, SharedBaseAddress: 0x0000000800000000, ArchiveRelocationMode: 1.
Narrow klass base: 0x0000000000000000, Narrow klass shift: 0, Narrow klass range: 0x0

GC Precious Log:
<Empty>

Heap:
 garbage-first heap   total 0K, used 0K [0x00000000a0e00000, 0x0000000100000000)
  region size 1024K, 0 young (0K), 0 survivors (0K)

[error occurred during error reporting (printing heap information), id 0xc0000005, EXCEPTION_ACCESS_VIOLATION (0xc0000005) at pc=0x00007ffe320b6fb9]

GC Heap History (0 events):
No events

Dll operation events (1 events):
Event: 0.035 Loaded shared library G:\eclipses\eclipse-jee-2024-03-R-win32-x86_64\eclipse\plugins\org.eclipse.justj.openjdk.hotspot.jre.full.win32.x86_64_17.0.10.v20240120-1143\jre\bin\java.dll

Deoptimization events (0 events):
No events

Classes unloaded (0 events):
No events

Classes redefined (0 events):
No events

Internal exceptions (0 events):
No events

VM Operations (0 events):
No events

Events (0 events):
No events


Dynamic libraries:
0x00007ff6ef690000 - 0x00007ff6ef69e000 	G:\eclipses\eclipse-jee-2024-03-R-win32-x86_64\eclipse\plugins\org.eclipse.justj.openjdk.hotspot.jre.full.win32.x86_64_17.0.10.v20240120-1143\jre\bin\javaw.exe
0x00007ffec4150000 - 0x00007ffec4367000 	C:\WINDOWS\SYSTEM32\ntdll.dll
0x00007ffec37b0000 - 0x00007ffec3874000 	C:\WINDOWS\System32\KERNEL32.DLL
0x00007ffec15f0000 - 0x00007ffec19c0000 	C:\WINDOWS\System32\KERNELBASE.dll
0x00007ffec1cc0000 - 0x00007ffec1dd1000 	C:\WINDOWS\System32\ucrtbase.dll
0x00007ffe9f3c0000 - 0x00007ffe9f3d7000 	G:\eclipses\eclipse-jee-2024-03-R-win32-x86_64\eclipse\plugins\org.eclipse.justj.openjdk.hotspot.jre.full.win32.x86_64_17.0.10.v20240120-1143\jre\bin\jli.dll
0x00007ffec3230000 - 0x00007ffec33de000 	C:\WINDOWS\System32\USER32.dll
0x00007ffec1de0000 - 0x00007ffec1e06000 	C:\WINDOWS\System32\win32u.dll
0x00007ffec26e0000 - 0x00007ffec2709000 	C:\WINDOWS\System32\GDI32.dll
0x00007ffec1ae0000 - 0x00007ffec1bfb000 	C:\WINDOWS\System32\gdi32full.dll
0x00007ffec19c0000 - 0x00007ffec1a5a000 	C:\WINDOWS\System32\msvcp_win.dll
0x00007ffeb5a50000 - 0x00007ffeb5a6b000 	G:\eclipses\eclipse-jee-2024-03-R-win32-x86_64\eclipse\plugins\org.eclipse.justj.openjdk.hotspot.jre.full.win32.x86_64_17.0.10.v20240120-1143\jre\bin\VCRUNTIME140.dll
0x00007ffea5560000 - 0x00007ffea57f2000 	C:\WINDOWS\WinSxS\amd64_microsoft.windows.common-controls_6595b64144ccf1df_6.0.22621.4830_none_270fe7d773858e80\COMCTL32.dll
0x00007ffec28e0000 - 0x00007ffec2987000 	C:\WINDOWS\System32\msvcrt.dll
0x00007ffec3a30000 - 0x00007ffec3a61000 	C:\WINDOWS\System32\IMM32.DLL
0x00007ffebe250000 - 0x00007ffebe25c000 	G:\eclipses\eclipse-jee-2024-03-R-win32-x86_64\eclipse\plugins\org.eclipse.justj.openjdk.hotspot.jre.full.win32.x86_64_17.0.10.v20240120-1143\jre\bin\vcruntime140_1.dll
0x00007ffe87340000 - 0x00007ffe873cd000 	G:\eclipses\eclipse-jee-2024-03-R-win32-x86_64\eclipse\plugins\org.eclipse.justj.openjdk.hotspot.jre.full.win32.x86_64_17.0.10.v20240120-1143\jre\bin\msvcp140.dll
0x00007ffe319e0000 - 0x00007ffe32642000 	G:\eclipses\eclipse-jee-2024-03-R-win32-x86_64\eclipse\plugins\org.eclipse.justj.openjdk.hotspot.jre.full.win32.x86_64_17.0.10.v20240120-1143\jre\bin\server\jvm.dll
0x00007ffec3ed0000 - 0x00007ffec3f81000 	C:\WINDOWS\System32\ADVAPI32.dll
0x00007ffec3a70000 - 0x00007ffec3b17000 	C:\WINDOWS\System32\sechost.dll
0x00007ffec1e10000 - 0x00007ffec1e38000 	C:\WINDOWS\System32\bcrypt.dll
0x00007ffec2710000 - 0x00007ffec2824000 	C:\WINDOWS\System32\RPCRT4.dll
0x00007ffec12d0000 - 0x00007ffec131d000 	C:\WINDOWS\SYSTEM32\POWRPROF.dll
0x00007ffe8cbb0000 - 0x00007ffe8cbb9000 	C:\WINDOWS\SYSTEM32\WSOCK32.dll
0x00007ffec33f0000 - 0x00007ffec3461000 	C:\WINDOWS\System32\WS2_32.dll
0x00007ffebd4f0000 - 0x00007ffebd524000 	C:\WINDOWS\SYSTEM32\WINMM.dll
0x00007ffeb9630000 - 0x00007ffeb963a000 	C:\WINDOWS\SYSTEM32\VERSION.dll
0x00007ffec12b0000 - 0x00007ffec12c3000 	C:\WINDOWS\SYSTEM32\UMPDC.dll
0x00007ffec0440000 - 0x00007ffec0458000 	C:\WINDOWS\SYSTEM32\kernel.appcore.dll
0x00007ffe8ca10000 - 0x00007ffe8ca1a000 	G:\eclipses\eclipse-jee-2024-03-R-win32-x86_64\eclipse\plugins\org.eclipse.justj.openjdk.hotspot.jre.full.win32.x86_64_17.0.10.v20240120-1143\jre\bin\jimage.dll
0x00007ffebad00000 - 0x00007ffebaf32000 	C:\WINDOWS\SYSTEM32\DBGHELP.DLL
0x00007ffec3b20000 - 0x00007ffec3eb0000 	C:\WINDOWS\System32\combase.dll
0x00007ffec29a0000 - 0x00007ffec2a77000 	C:\WINDOWS\System32\OLEAUT32.dll
0x00007ffeba190000 - 0x00007ffeba1c2000 	C:\WINDOWS\SYSTEM32\dbgcore.DLL
0x00007ffec1400000 - 0x00007ffec147b000 	C:\WINDOWS\System32\bcryptPrimitives.dll
0x00007ffe49330000 - 0x00007ffe49355000 	G:\eclipses\eclipse-jee-2024-03-R-win32-x86_64\eclipse\plugins\org.eclipse.justj.openjdk.hotspot.jre.full.win32.x86_64_17.0.10.v20240120-1143\jre\bin\java.dll

dbghelp: loaded successfully - version: 4.0.5 - missing functions: none
symbol engine: initialized successfully - sym options: 0x614 - pdb path: .;G:\eclipses\eclipse-jee-2024-03-R-win32-x86_64\eclipse\plugins\org.eclipse.justj.openjdk.hotspot.jre.full.win32.x86_64_17.0.10.v20240120-1143\jre\bin;C:\WINDOWS\SYSTEM32;C:\WINDOWS\WinSxS\amd64_microsoft.windows.common-controls_6595b64144ccf1df_6.0.22621.4830_none_270fe7d773858e80;G:\eclipses\eclipse-jee-2024-03-R-win32-x86_64\eclipse\plugins\org.eclipse.justj.openjdk.hotspot.jre.full.win32.x86_64_17.0.10.v20240120-1143\jre\bin\server

VM Arguments:
jvm_args: -Dfile.encoding=UTF-8 -Dstdout.encoding=UTF-8 -Dstderr.encoding=UTF-8 -XX:+ShowCodeDetailsInExceptionMessages 
java_command: bank.management.system.Singup
java_class_path (initial): C:\Users\hp\Desktop\Work Space\bank.management.system\bin;F:\Java\jcalendar-tz-1.3.3-4.jar
Launcher Type: SUN_STANDARD

[Global flags]
     intx CICompilerCount                          = 3                                         {product} {ergonomic}
     uint ConcGCThreads                            = 1                                         {product} {ergonomic}
     uint G1ConcRefinementThreads                  = 4                                         {product} {ergonomic}
   size_t G1HeapRegionSize                         = 1048576                                   {product} {ergonomic}
    uintx GCDrainStackTargetSize                   = 64                                        {product} {ergonomic}
   size_t InitialHeapSize                          = 100663296                                 {product} {ergonomic}
   size_t MarkStackSize                            = 4194304                                   {product} {ergonomic}
   size_t MaxHeapSize                              = 1595932672                                {product} {ergonomic}
   size_t MinHeapDeltaBytes                        = 1048576                                   {product} {ergonomic}
   size_t MinHeapSize                              = 8388608                                   {product} {ergonomic}
    uintx NonNMethodCodeHeapSize                   = 5832780                                {pd product} {ergonomic}
    uintx NonProfiledCodeHeapSize                  = 122912730                              {pd product} {ergonomic}
    uintx ProfiledCodeHeapSize                     = 122912730                              {pd product} {ergonomic}
    uintx ReservedCodeCacheSize                    = 251658240                              {pd product} {ergonomic}
     bool SegmentedCodeCache                       = true                                      {product} {ergonomic}
     bool ShowCodeDetailsInExceptionMessages       = true                                   {manageable} {command line}
   size_t SoftMaxHeapSize                          = 1595932672                             {manageable} {ergonomic}
     bool UseCompressedClassPointers               = true                           {product lp64_product} {ergonomic}
     bool UseCompressedOops                        = true                           {product lp64_product} {ergonomic}
     bool UseG1GC                                  = true                                      {product} {ergonomic}
     bool UseLargePagesIndividualAllocation        = false                                  {pd product} {ergonomic}

Logging:
Log output configuration:
 #0: stdout all=warning uptime,level,tags
 #1: stderr all=off uptime,level,tags

Environment Variables:
PATH=G:/eclipses/eclipse-jee-2024-03-R-win32-x86_64/eclipse//plugins/org.eclipse.justj.openjdk.hotspot.jre.full.win32.x86_64_17.0.10.v20240120-1143/jre/bin/server;G:/eclipses/eclipse-jee-2024-03-R-win32-x86_64/eclipse//plugins/org.eclipse.justj.openjdk.hotspot.jre.full.win32.x86_64_17.0.10.v20240120-1143/jre/bin;C:\Program Files\Common Files\Oracle\Java\javapath;C:\WINDOWS\system32;C:\WINDOWS;C:\WINDOWS\System32\Wbem;C:\WINDOWS\System32\WindowsPowerShell\v1.0\;C:\WINDOWS\System32\OpenSSH\;C:\MinGW\bin;C:\Program Files\mingw-w64\x86_64-8.1.0-posix-seh-rt_v6-rev0\mingw64\bin;comerr64.dll;C:\Program Files\MySQL\MySQL Server 8.0\bin;C:\Program Files\dotnet\;C:\Program Files\nodejs\;C:\Program Files\Java\jdk-11\bin;C:\Program Files\Git\cmd;C:\Program Files\Java\jdk-11\bin;C:\Program Files\MySQL\MySQL Shell 8.0\bin\;C:\Users\hp\AppData\Local\Programs\Python\Python311\Scripts\;C:\Users\hp\AppData\Local\Programs\Python\Python311\;C:\Users\hp\AppData\Local\Microsoft\WindowsApps;C:\MinGW\bin;C:\Users\hp\AppData\Local\Programs\Microsoft VS Code\bin;C:\Users\hp\AppData\Roaming\npm;C:\Users\hp\Downloads\jdk-17.0.7_windows-x64_bin\jdk-17.0.7\bin;;G:\eclipses\eclipse-jee-2024-03-R-win32-x86_64\eclipse;
USERNAME=hp
OS=Windows_NT
PROCESSOR_IDENTIFIER=AMD64 Family 23 Model 24 Stepping 1, AuthenticAMD
TMP=C:\Users\hp\AppData\Local\Temp
TEMP=C:\Users\hp\AppData\Local\Temp



Periodic native trim disabled


---------------  S Y S T E M  ---------------

OS:
 Windows 11 , 64 bit Build 22621 (10.0.22621.4830)
OS uptime: 16 days 21:08 hours

CPU: total 4 (initial active 4) (4 cores per cpu, 1 threads per core) family 23 model 24 stepping 1 microcode 0x0, cx8, cmov, fxsr, mmx, 3dnowpref, sse, sse2, sse3, ssse3, sse4a, sse4.1, sse4.2, popcnt, lzcnt, tsc, tscinvbit, avx, avx2, aes, clmul, bmi1, bmi2, adx, sha, fma, vzeroupper, clflush, clflushopt
Processor Information for all 4 processors :
  Max Mhz: 2100, Current Mhz: 1700, Mhz Limit: 1680

Memory: 4k page, system-wide physical 6086M (326M free)
TotalPageFile size 19836M (AvailPageFile size 19M)
current process WorkingSet (physical memory assigned to process): 11M, peak: 11M
current process commit charge ("private bytes"): 51M, peak: 147M

vm_info: OpenJDK 64-Bit Server VM (17.0.10+7) for windows-amd64 JRE (17.0.10+7), built on Jan 16 2024 23:25:11 by "admin" with MS VC++ 16.10 / 16.11 (VS2019)

END.
